d:\study\ablmediaserver\webrtc-streamer\x64\release\vc142.pdb
d:\study\ablmediaserver\webrtc-streamer\x64\release\civetserver.obj
d:\study\ablmediaserver\webrtc-streamer\x64\release\videocapture.obj
d:\study\ablmediaserver\webrtc-streamer\x64\release\utils_string.obj
d:\study\ablmediaserver\webrtc-streamer\x64\release\system_error.obj
d:\study\ablmediaserver\webrtc-streamer\x64\release\headers_mmdevice.obj
d:\study\ablmediaserver\webrtc-streamer\x64\release\device_audios.obj
d:\study\ablmediaserver\webrtc-streamer\x64\release\audiorecordwas.obj
d:\study\ablmediaserver\webrtc-streamer\x64\release\audiodevicecapture.obj
d:\study\ablmediaserver\webrtc-streamer\x64\release\audiocapture.obj
d:\study\ablmediaserver\webrtc-streamer\x64\release\videotracksourceinput.obj
d:\study\ablmediaserver\webrtc-streamer\x64\release\text_serializer.obj
d:\study\ablmediaserver\webrtc-streamer\x64\release\summary.obj
d:\study\ablmediaserver\webrtc-streamer\x64\release\serializer.obj
d:\study\ablmediaserver\webrtc-streamer\x64\release\registry.obj
d:\study\ablmediaserver\webrtc-streamer\x64\release\info.obj
d:\study\ablmediaserver\webrtc-streamer\x64\release\histogram.obj
d:\study\ablmediaserver\webrtc-streamer\x64\release\gauge.obj
d:\study\ablmediaserver\webrtc-streamer\x64\release\family.obj
d:\study\ablmediaserver\webrtc-streamer\x64\release\utils.obj
d:\study\ablmediaserver\webrtc-streamer\x64\release\time_window_quantiles.obj
d:\study\ablmediaserver\webrtc-streamer\x64\release\ckms_quantiles.obj
d:\study\ablmediaserver\webrtc-streamer\x64\release\builder.obj
d:\study\ablmediaserver\webrtc-streamer\x64\release\counter.obj
d:\study\ablmediaserver\webrtc-streamer\x64\release\check_names.obj
d:\study\ablmediaserver\webrtc-streamer\x64\release\videocaptureimpl.obj
d:\study\ablmediaserver\webrtc-streamer\x64\release\civetweb.obj
d:\study\ablmediaserver\webrtc-streamer\x64\release\webrtc-streamer.tlog\cl.command.1.tlog
d:\study\ablmediaserver\webrtc-streamer\x64\release\webrtc-streamer.tlog\cl.read.1.tlog
d:\study\ablmediaserver\webrtc-streamer\x64\release\webrtc-streamer.tlog\cl.write.1.tlog
d:\study\ablmediaserver\webrtc-streamer\x64\release\webrtc-streamer.tlog\link.command.1.tlog
d:\study\ablmediaserver\webrtc-streamer\x64\release\webrtc-streamer.tlog\link.read.1.tlog
d:\study\ablmediaserver\webrtc-streamer\x64\release\webrtc-streamer.tlog\link.write.1.tlog
